{"/Users/pamelamardones/clg_node/node-lesson03/calculate.js": {"path":"/Users/pamelamardones/clg_node/node-lesson03/calculate.js","statementMap":{"0":{"start":{"line":1,"column":18},"end":{"line":14,"column":1}},"1":{"start":{"line":3,"column":7},"end":{"line":3,"column":20}},"2":{"start":{"line":7,"column":7},"end":{"line":7,"column":20}},"3":{"start":{"line":11,"column":7},"end":{"line":11,"column":19}},"4":{"start":{"line":15,"column":2},"end":{"line":15,"column":29}}},"fnMap":{"0":{"name":"(anonymous_0)","decl":{"start":{"line":2,"column":8},"end":{"line":2,"column":9}},"loc":{"start":{"line":2,"column":22},"end":{"line":4,"column":4}},"line":2},"1":{"name":"(anonymous_1)","decl":{"start":{"line":6,"column":13},"end":{"line":6,"column":14}},"loc":{"start":{"line":6,"column":27},"end":{"line":8,"column":4}},"line":6},"2":{"name":"(anonymous_2)","decl":{"start":{"line":10,"column":13},"end":{"line":10,"column":14}},"loc":{"start":{"line":10,"column":27},"end":{"line":12,"column":4}},"line":10}},"branchMap":{},"s":{"0":1,"1":2,"2":1,"3":1,"4":1},"f":{"0":2,"1":1,"2":1},"b":{},"_coverageSchema":"1a1c01bbd47fc00a2c39e90264f33305004495a9","hash":"c8b2203f00c075a622cd6d509c70373ca5633134"}
}
